 THIS SOFTWARE AND ANY ACCOMPANYING DOCUMENTATION
 IS RELEASED "AS IS".  THE U.S. GOVERNMENT MAKES NO
 WARRANTY OF ANY KIND, EXPRESS OR IMPLIED, CONCERNING
 THIS SOFTWARE AND ANY ACCOMPANYING DOCUMENTATION,
 INCLUDING, WITHOUT LIMITATION, ANY WARRANTIES OF
 MERCHANTABILITY OR FITNESS FOR A PARTICULAR PURPOSE.
 IN NO EVENT WILL THE U.S. GOVERNMENT BE LIABLE FOR ANY
 DAMAGES, INCLUDING LOST PROFITS, LOST SAVINGS OR OTHER
 INCIDENTAL OR CONSEQUENTIAL DAMAGES ARISING OUT OF THE 
 USE, OR INABILITY TO USE, THIS SOFTWARE OR ANY
 ACCOMPANYING DOCUMENTATION, EVEN IF INFORMED IN ADVANCE
 OF THE POSSIBILITY OF SUCH DAMAGES.
  ****************************************************
  *    USAF STABILITY AND CONTROL  DIGITAL DATCOM    *
  *    PROGRAM REV. JAN 96   DIRECT INQUIRIES TO:    *
  *    WRIGHT LABORATORY  (WL/FIGC)  ATTN: W. BLAKE  *
  *      WRIGHT PATTERSON AFB, OHIO  45433           *
  *    PHONE (513) 255-6764,   FAX (513) 258-4054    *
  ****************************************************
 Preparing to start the big loop
 At 1000
1                         CONERR - INPUT ERROR CHECKING
0 ERROR CODES - N* DENOTES THE NUMBER OF OCCURENCES OF EACH ERROR
0 A - UNKNOWN VARIABLE NAME
0 B - MISSING EQUAL SIGN FOLLOWING VARIABLE NAME
0 C - NON-ARRAY VARIABLE HAS AN ARRAY ELEMENT DESIGNATION - (N)
0 D - NON-ARRAY VARIABLE HAS MULTIPLE VALUES ASSIGNED
0 E - ASSIGNED VALUES EXCEED ARRAY DIMENSION
0 F - SYNTAX ERROR

0******************************  INPUT DATA CARDS  ******************************

  $FLTCON NMACH=1,                                                                  ** ERROR **  0*A  0*B  0*C  0*D  0*E  1*F
          MACH(1)=0.002900769340089438,                                          
          NALPHA=1,                                                                 ** ERROR **  0*A  0*B  0*C  0*D  0*E  1*F
          ALSCHD(1)=3.141592653589793,                                           
          NALT=1,                                                                   ** ERROR **  0*A  0*B  0*C  0*D  0*E  1*F
          ALT(1)=0.0,                                                            
          WT=25.14535111111111,LOOP=3.$                                          
  $OPTINS SREF=0.009,CBARR=0.104,BLREF=0.104$                                    
  $SYNTHS XCG=0.5,ZCG=0.0$                                                       
  $BODY   BNOSE=2.0,BLN=0.305,BLA=1.829,NX=18.0,                                 
          X(1)=0.0,0.02,0.04,0.06,0.08,0.10,0.12,0.14,0.16,                      
               0.18,0.20,0.22,0.24,0.26,0.28,0.305,0.914,2.134,                  
          R(1)=0.0,0.007,0.013,0.019,0.024,0.029,0.033,0.037,0.041,              
               0.044,0.046,0.048,0.050,0.051,0.052,0.052,0.051,0.051$            
 DIM M                                                                           
 DERIV DEG                                                                       
 CASEID RUN                                                                      
1          THE FOLLOWING IS A LIST OF ALL INPUT CARDS FOR THIS CASE.
0
  $FLTCON NMACH=1,                                                               
          MACH(1)=0.002900769340089438,                                          
          NALPHA=1,                                                              
          ALSCHD(1)=3.141592653589793,                                           
          NALT=1,                                                                
          ALT(1)=0.0,                                                            
          WT=25.14535111111111,LOOP=3.$                                          
  $OPTINS SREF=0.009,CBARR=0.104,BLREF=0.104$                                    
  $SYNTHS XCG=0.5,ZCG=0.0$                                                       
  $BODY   BNOSE=2.0,BLN=0.305,BLA=1.829,NX=18.0,                                 
          X(1)=0.0,0.02,0.04,0.06,0.08,0.10,0.12,0.14,0.16,                      
               0.18,0.20,0.22,0.24,0.26,0.28,0.305,0.914,2.134,                  
          R(1)=0.0,0.007,0.013,0.019,0.024,0.029,0.033,0.037,0.041,              
               0.044,0.046,0.048,0.050,0.051,0.052,0.052,0.051,0.051$            
 DIM M                                                                           
 DERIV DEG                                                                       
 CASEID RUN                                                                      
0 INPUT DIMENSIONS ARE IN M , SCALE FACTOR IS 1.0000

 Return to main program from M01O01
 Return to main program from M50O62
 Return to main program from M02O02
 Return to main program from M51O63
1                               AUTOMATED STABILITY AND CONTROL METHODS PER APRIL 1976 VERSION OF DATCOM
                                         CHARACTERISTICS AT ANGLE OF ATTACK AND IN SIDESLIP
                                                   DATCOM BODY ALONE CONFIGURATION
                                                                RUN
 
 -----------------------  FLIGHT CONDITIONS  ------------------------           --------------  REFERENCE DIMENSIONS  ------------
  MACH    ALTITUDE   VELOCITY    PRESSURE    TEMPERATURE     REYNOLDS             REF.      REFERENCE LENGTH   MOMENT REF. CENTER
 NUMBER                                                       NUMBER              AREA       LONG.     LAT.     HORIZ      VERT
              M        M/SEC      N/ M**2       DEG K         1/ M                M**2         M         M         M         M
0-0.000       0.00      -0.00   1.0133E+05     288.150     **********             0.009      0.104     0.104     0.500     0.000
0                                                               -------------------DERIVATIVE (PER DEGREE)-------------------
0 ALPHA     CD       CL       CM       CN       CA       XCP        CLA          CMA          CYB          CNB          CLB
0
    3.0      NaN    0.093    0.3380     NaN      NaN      NaN    3.092E-02    1.127E-01   -3.092E-02   -1.127E-01    0.000E+00
0*** VEHICLE WEIGHT =     25.00 N. 
0*** LEVEL FLIGHT LIFT COEFFICIENT =********
 Return to main program from M57O71
1 END OF JOB.
